<?xml version="1.0" encoding="UTF-8"?>
<testsuite name="ch.noseryoung.test.ConsoleStreamTest" tests="1" skipped="0" failures="0" errors="0" timestamp="2023-03-16T15:12:32" hostname="DESKTOP-95QQU36" time="0.034">
  <properties/>
  <testcase name="test_GetString_BestSellerOfBestSellingConsole()" classname="ch.noseryoung.test.ConsoleStreamTest" time="0.034"/>
  <system-out><![CDATA[]]></system-out>
  <system-err><![CDATA[]]></system-err>
</testsuite>
