<?xml version="1.0" encoding="UTF-8"?>
<testsuite name="ch.noseryoung.test.ConsoleStreamTest" tests="1" skipped="0" failures="0" errors="0" timestamp="2023-03-17T08:20:34" hostname="DESKTOP-95QQU36" time="0.035">
  <properties/>
  <testcase name="test_GetString_ConsoleNameAndReleaseInNovemberSortedByDay()" classname="ch.noseryoung.test.ConsoleStreamTest" time="0.035"/>
  <system-out><![CDATA[]]></system-out>
  <system-err><![CDATA[]]></system-err>
</testsuite>
